[info] [35m[Appium][39m Welcome to Appium v1.15.1
[info] [35m[Appium][39m Non-default server args:
[info] [35m[Appium][39m   sessionOverride: true
[info] [35m[Appium][39m   logTimestamp: true
[info] [35m[Appium][39m   allowInsecure: {
[info] [35m[Appium][39m   }
[info] [35m[Appium][39m   denyInsecure: {
[info] [35m[Appium][39m   }
[info] [35m[Appium][39m Appium REST http interface listener started on 0.0.0.0:4723[info] [35m[HTTP][39m [37m-->[39m [37mGET[39m [37m/wd/hub/sessions[39m
[info] [35m[HTTP][39m [90m{}[39m
[debug] [35m[GENERIC][39m Calling AppiumDriver.getSessions() with args: []
[debug] [35m[GENERIC][39m Responding to client with driver.getSessions() result: []
[info] [35m[HTTP][39m [37m<-- GET /wd/hub/sessions [39m[32m200[39m [90m5 ms - 40[39m
[info] [35m[HTTP][39m [90m[39m[info] [35m[HTTP][39m [37m-->[39m [37mPOST[39m [37m/wd/hub/session[39m
[info] [35m[HTTP][39m [90m{"desiredCapabilities":{"appActivity":"com.google.android.maps.MapsActivity","appPackage":"com.google.android.apps.maps","deviceName":"ce011711384398bb0c","platformName":"Android","platformVersion":"8.0.0","newCommandTimeout":0,"connectHardwareKeyboard":true}}[39m
[debug] [35m[MJSONWP][39m Calling AppiumDriver.createSession() with args: [{"appActivity":"com.google.android.maps.MapsActivity","appPackage":"com.google.android.apps.maps","deviceName":"ce011711384398bb0c","platformName":"Android","platformVersion":"8.0.0","newCommandTimeout":0,"connectHardwareKeyboard":true},null,null]
[debug] [35m[BaseDriver][39m Event 'newSessionRequested' logged at 1585905732600 (11:22:12 GMT+0200 (Střední Evropa (letní čas)))
[warn] [35m[Appium][39m 
[warn] [35m[Appium][39m ======================================================================
[warn] [35m[Appium][39m   DEPRECATION WARNING:
[warn] [35m[Appium][39m 
[warn] [35m[Appium][39m   The 'automationName' capability was not provided in the desired 
[warn] [35m[Appium][39m   capabilities for this Android session
[warn] [35m[Appium][39m 
[warn] [35m[Appium][39m   Setting 'automationName=UiAutomator2' by default and using the 
[warn] [35m[Appium][39m   UiAutomator2 Driver
[warn] [35m[Appium][39m 
[warn] [35m[Appium][39m   The next major version of Appium (2.x) will **require** the 
[warn] [35m[Appium][39m   'automationName' capability to be set for all sessions on all 
[warn] [35m[Appium][39m   platforms
[warn] [35m[Appium][39m 
[warn] [35m[Appium][39m   In previous versions (Appium <= 1.13.x), the default was 
[warn] [35m[Appium][39m   'automationName=UiAutomator1'
[warn] [35m[Appium][39m 
[warn] [35m[Appium][39m   If you wish to use that automation instead of UiAutomator2, please 
[warn] [35m[Appium][39m   add 'automationName=UiAutomator1' to your desired capabilities
[warn] [35m[Appium][39m 
[warn] [35m[Appium][39m   For more information about drivers, please visit 
[warn] [35m[Appium][39m   http://appium.io/docs/en/about-appium/intro/ and explore the 
[warn] [35m[Appium][39m   'Drivers' menu
[warn] [35m[Appium][39m 
[warn] [35m[Appium][39m ======================================================================
[warn] [35m[Appium][39m 
[info] [35m[Appium][39m Appium v1.15.1 creating new AndroidUiautomator2Driver (v1.37.2) session
[debug] [35m[BaseDriver][39m Creating session with MJSONWP desired capabilities: {
[debug] [35m[BaseDriver][39m   "appActivity": "com.google.android.maps.MapsActivity",
[debug] [35m[BaseDriver][39m   "appPackage": "com.google.android.apps.maps",
[debug] [35m[BaseDriver][39m   "deviceName": "ce011711384398bb0c",
[debug] [35m[BaseDriver][39m   "platformName": "Android",
[debug] [35m[BaseDriver][39m   "platformVersion": "8.0.0",
[debug] [35m[BaseDriver][39m   "newCommandTimeout": 0,
[debug] [35m[BaseDriver][39m   "connectHardwareKeyboard": true
[debug] [35m[BaseDriver][39m }
[warn] [35m[BaseDriver][39m The following capabilities were provided, but are not recognized by Appium:
[warn] [35m[BaseDriver][39m   connectHardwareKeyboard
[info] [35m[BaseDriver][39m Session created with session id: 6b3d2122-cbd9-4e24-aecf-52b4c9169f28
[info] [35m[UiAutomator2][39m Starting 'com.google.android.apps.maps' directly on the device[info] [35m[ADB][39m Found 1 'build-tools' folders under 'C:\Users\jredr\AppData\Local\Android\Sdk' (newest first):
[info] [35m[ADB][39m     C:/Users/jredr/AppData/Local/Android/Sdk/build-tools/25.0.3
[info] [35m[ADB][39m Using 'adb.exe' from 'C:\Users\jredr\AppData\Local\Android\Sdk\platform-tools\adb.exe'
[info] [35m[AndroidDriver][39m Retrieving device list
[debug] [35m[ADB][39m Trying to find a connected android device
[debug] [35m[ADB][39m Getting connected devices...
[debug] [35m[ADB][39m Connected devices: [{"udid":"ce011711384398bb0c","state":"device"}]
[info] [35m[AndroidDriver][39m Looking for a device with Android '8.0.0'
[debug] [35m[ADB][39m Setting device id to ce011711384398bb0c
[info] [35m[ADB][39m Getting device platform version
[debug] [35m[ADB][39m Running 'C:\Users\jredr\AppData\Local\Android\Sdk\platform-tools\adb.exe -P 5037 -s ce011711384398bb0c shell getprop ro.build.version.release'[debug] [35m[ADB][39m Current device property 'ro.build.version.release': 8.0.0
[info] [35m[AndroidDriver][39m Using device: ce011711384398bb0c
[info] [35m[ADB][39m Using 'adb.exe' from 'C:\Users\jredr\AppData\Local\Android\Sdk\platform-tools\adb.exe'
[debug] [35m[ADB][39m Setting device id to ce011711384398bb0c
[debug] [35m[ADB][39m Running 'C:\Users\jredr\AppData\Local\Android\Sdk\platform-tools\adb.exe -P 5037 -s ce011711384398bb0c shell getprop ro.build.version.sdk'
[debug] [35m[ADB][39m Current device property 'ro.build.version.sdk': 26
[debug] [35m[ADB][39m Device API level: 26
[warn] [35m[AndroidDriver][39m No app sent in, not parsing package/activity
[debug] [35m[ADB][39m Running 'C:\Users\jredr\AppData\Local\Android\Sdk\platform-tools\adb.exe -P 5037 -s ce011711384398bb0c wait-for-device'[debug] [35m[ADB][39m Running 'C:\Users\jredr\AppData\Local\Android\Sdk\platform-tools\adb.exe -P 5037 -s ce011711384398bb0c shell echo ping'
[debug] [35m[AndroidDriver][39m Pushing settings apk to device...
[debug] [35m[ADB][39m Getting install status for io.appium.settings
[debug] [35m[ADB][39m Running 'C:\Users\jredr\AppData\Local\Android\Sdk\platform-tools\adb.exe -P 5037 -s ce011711384398bb0c shell dumpsys package io.appium.settings'[debug] [35m[ADB][39m 'io.appium.settings' is installed
[debug] [35m[ADB][39m Getting package info for 'io.appium.settings'
[debug] [35m[ADB][39m Running 'C:\Users\jredr\AppData\Local\Android\Sdk\platform-tools\adb.exe -P 5037 -s ce011711384398bb0c shell dumpsys package io.appium.settings'[info] [35m[ADB][39m Cannot extract apk info using apkanalyzer. Falling back to aapt. Original error: Could not find 'apkanalyzer.bat' in ["C:\\Users\\jredr\\AppData\\Local\\Android\\Sdk\\platform-tools\\apkanalyzer.bat","C:\\Users\\jredr\\AppData\\Local\\Android\\Sdk\\emulator\\apkanalyzer.bat","C:\\Users\\jredr\\AppData\\Local\\Android\\Sdk\\tools\\apkanalyzer.bat","C:\\Users\\jredr\\AppData\\Local\\Android\\Sdk\\tools\\bin\\apkanalyzer.bat","C:\\Users\\jredr\\AppData\\Local\\Android\\Sdk\\build-tools\\25.0.3\\apkanalyzer.bat"]. Do you have Android Build Tools installed at 'C:\Users\jredr\AppData\Local\Android\Sdk'?
[info] [35m[ADB][39m Using 'aapt.exe' from 'C:\Users\jredr\AppData\Local\Android\Sdk\build-tools\25.0.3\aapt.exe'
[debug] [35m[ADB][39m The installed 'io.appium.settings' package is older than 'C:\Program Files\Appium\resources\app\node_modules\appium\node_modules\io.appium.settings\apks\settings_apk-debug.apk' (18 < 19 or '2.14.1' < '2.14.2')'
[debug] [35m[ADB][39m Executing upgrade of 'C:\Program Files\Appium\resources\app\node_modules\appium\node_modules\io.appium.settings\apks\settings_apk-debug.apk'
[debug] [35m[ADB][39m Running 'C:\Users\jredr\AppData\Local\Android\Sdk\platform-tools\adb.exe -P 5037 -s ce011711384398bb0c shell 'ls -t -1 /data/local/tmp/appium_cache 2>&1 || echo _ERROR_''[debug] [35m[ADB][39m The count of applications in the cache: 6
[info] [35m[ADB][39m The application at 'C:\Program Files\Appium\resources\app\node_modules\appium\node_modules\io.appium.settings\apks\settings_apk-debug.apk' is already cached to '/data/local/tmp/appium_cache/3d97225b036c28750562ef8962defee6b1af19a4.apk'
[debug] [35m[ADB][39m Running 'C:\Users\jredr\AppData\Local\Android\Sdk\platform-tools\adb.exe -P 5037 -s ce011711384398bb0c shell pm install -r -g /data/local/tmp/appium_cache/3d97225b036c28750562ef8962defee6b1af19a4.apk'[warn] [35m[ADB][39m Cannot install/upgrade 'io.appium.settings' because of 'Error executing adbExec. Original error: 'Command 'C:\\Users\\jredr\\AppData\\Local\\Android\\Sdk\\platform-tools\\adb.exe -P 5037 -s ce011711384398bb0c shell pm install -r -g /data/local/tmp/appium_cache/3d97225b036c28750562ef8962defee6b1af19a4.apk' exited with code 1'; Stderr: 'Failure [INSTALL_FAILED_UPDATE_INCOMPATIBLE: Package io.appium.settings signatures do not match the previously installed version; ignoring!]'; Code: '1''. Trying full reinstall
[debug] [35m[ADB][39m Uninstalling io.appium.settings
[debug] [35m[ADB][39m Getting install status for io.appium.settings
[debug] [35m[ADB][39m Running 'C:\Users\jredr\AppData\Local\Android\Sdk\platform-tools\adb.exe -P 5037 -s ce011711384398bb0c shell dumpsys package io.appium.settings'[debug] [35m[ADB][39m 'io.appium.settings' is installed
[debug] [35m[ADB][39m Running 'C:\Users\jredr\AppData\Local\Android\Sdk\platform-tools\adb.exe -P 5037 -s ce011711384398bb0c shell am force-stop io.appium.settings'
[debug] [35m[ADB][39m Running 'C:\Users\jredr\AppData\Local\Android\Sdk\platform-tools\adb.exe -P 5037 -s ce011711384398bb0c uninstall io.appium.settings'[debug] [35m[ADB][39m 'adb uninstall io.appium.settings' command output: Success
[info] [35m[ADB][39m io.appium.settings was successfully uninstalled[debug] [35m[ADB][39m Running 'C:\Users\jredr\AppData\Local\Android\Sdk\platform-tools\adb.exe -P 5037 -s ce011711384398bb0c shell 'ls -t -1 /data/local/tmp/appium_cache 2>&1 || echo _ERROR_''
[debug] [35m[ADB][39m The count of applications in the cache: 6
[info] [35m[ADB][39m The application at 'C:\Program Files\Appium\resources\app\node_modules\appium\node_modules\io.appium.settings\apks\settings_apk-debug.apk' is already cached to '/data/local/tmp/appium_cache/3d97225b036c28750562ef8962defee6b1af19a4.apk'
[debug] [35m[ADB][39m Running 'C:\Users\jredr\AppData\Local\Android\Sdk\platform-tools\adb.exe -P 5037 -s ce011711384398bb0c shell pm install -g /data/local/tmp/appium_cache/3d97225b036c28750562ef8962defee6b1af19a4.apk'[info] [35m[ADB][39m The installation of 'settings_apk-debug.apk' took 3.084s
[debug] [35m[ADB][39m Install command stdout: Success
[debug] [35m[ADB][39m Getting IDs of all 'io.appium.settings' processes
[debug] [35m[ADB][39m Running 'C:\Users\jredr\AppData\Local\Android\Sdk\platform-tools\adb.exe -P 5037 -s ce011711384398bb0c shell 'pgrep --help; echo $?''[debug] [35m[ADB][39m Running 'C:\Users\jredr\AppData\Local\Android\Sdk\platform-tools\adb.exe -P 5037 -s ce011711384398bb0c shell pgrep \^appium\\.settings\$'[debug] [35m[ADB][39m Running 'C:\Users\jredr\AppData\Local\Android\Sdk\platform-tools\adb.exe -P 5037 -s ce011711384398bb0c shell am start -n io.appium.settings/.Settings -a android.intent.action.MAIN -c android.intent.category.LAUNCHER'
[debug] [35m[ADB][39m Getting IDs of all 'io.appium.settings' processes
[debug] [35m[ADB][39m Running 'C:\Users\jredr\AppData\Local\Android\Sdk\platform-tools\adb.exe -P 5037 -s ce011711384398bb0c shell pgrep \^appium\\.settings\$'[debug] [35m[ADB][39m Running 'C:\Users\jredr\AppData\Local\Android\Sdk\platform-tools\adb.exe -P 5037 -s ce011711384398bb0c shell appops set io.appium.settings android\:mock_location allow'[debug] [35m[Logcat][39m Starting logcat capture
[info] [35m[UiAutomator2][39m Server package at 'C:\Program Files\Appium\resources\app\node_modules\appium\node_modules\appium-uiautomator2-server\apks\appium-uiautomator2-server-v4.3.0.apk' is not writeable. Will copy it into the temporary location at 'C:\Users\jredr\AppData\Local\Temp\202033-19128-1til5bn.cwt7' as a workaround. Consider making this file writeable manually in order to improve the performance of session startup.
[info] [35m[UiAutomator2][39m Server package at 'C:\Program Files\Appium\resources\app\node_modules\appium\node_modules\appium-uiautomator2-server\apks\appium-uiautomator2-server-debug-androidTest.apk' is not writeable. Will copy it into the temporary location at 'C:\Users\jredr\AppData\Local\Temp\202033-19128-1til5bn.cwt7' as a workaround. Consider making this file writeable manually in order to improve the performance of session startup.
[debug] [35m[ADB][39m Getting install status for io.appium.uiautomator2.server
[debug] [35m[ADB][39m Running 'C:\Users\jredr\AppData\Local\Android\Sdk\platform-tools\adb.exe -P 5037 -s ce011711384398bb0c shell dumpsys package io.appium.uiautomator2.server'[debug] [35m[ADB][39m 'io.appium.uiautomator2.server' is not installed
[debug] [35m[ADB][39m App 'C:\Users\jredr\AppData\Local\Temp\202033-19128-1til5bn.cwt7\appium-uiautomator2-server-v4.3.0.apk' is not installed
[debug] [35m[UiAutomator2][39m io.appium.uiautomator2.server installation state: notInstalled
[debug] [35m[ADB][39m Checking app cert for C:\Users\jredr\AppData\Local\Temp\202033-19128-1til5bn.cwt7\appium-uiautomator2-server-v4.3.0.apk
[info] [35m[ADB][39m Using 'apksigner.bat' from 'C:\Users\jredr\AppData\Local\Android\Sdk\build-tools\25.0.3\apksigner.bat'
[debug] [35m[ADB][39m Starting 'C:\Users\jredr\AppData\Local\Android\Sdk\build-tools\25.0.3\apksigner.bat' with args '["verify","--print-certs","C:\\Users\\jredr\\AppData\\Local\\Temp\\202033-19128-1til5bn.cwt7\\appium-uiautomator2-server-v4.3.0.apk"]'
[debug] [35m[ADB][39m 'C:\Users\jredr\AppData\Local\Temp\202033-19128-1til5bn.cwt7\appium-uiautomator2-server-v4.3.0.apk' is signed with non-default certificate
[info] [35m[ADB][39m Using 'zipalign.exe' from 'C:\Users\jredr\AppData\Local\Android\Sdk\build-tools\25.0.3\zipalign.exe'
[debug] [35m[ADB][39m C:\Users\jredr\AppData\Local\Temp\202033-19128-1til5bn.cwt7\appium-uiautomator2-server-v4.3.0.apk' is already zip-aligned. Doing nothing
[debug] [35m[ADB][39m Signing 'C:\Users\jredr\AppData\Local\Temp\202033-19128-1til5bn.cwt7\appium-uiautomator2-server-v4.3.0.apk' with default cert[debug] [35m[ADB][39m Getting install status for io.appium.uiautomator2.server.test
[debug] [35m[ADB][39m Running 'C:\Users\jredr\AppData\Local\Android\Sdk\platform-tools\adb.exe -P 5037 -s ce011711384398bb0c shell dumpsys package io.appium.uiautomator2.server.test'[debug] [35m[ADB][39m 'io.appium.uiautomator2.server.test' is not installed
[debug] [35m[ADB][39m Checking app cert for C:\Users\jredr\AppData\Local\Temp\202033-19128-1til5bn.cwt7\appium-uiautomator2-server-debug-androidTest.apk
[debug] [35m[ADB][39m Starting 'C:\Users\jredr\AppData\Local\Android\Sdk\build-tools\25.0.3\apksigner.bat' with args '["verify","--print-certs","C:\\Users\\jredr\\AppData\\Local\\Temp\\202033-19128-1til5bn.cwt7\\appium-uiautomator2-server-debug-androidTest.apk"]'
[debug] [35m[ADB][39m 'C:\Users\jredr\AppData\Local\Temp\202033-19128-1til5bn.cwt7\appium-uiautomator2-server-debug-androidTest.apk' is signed with non-default certificate
[debug] [35m[ADB][39m C:\Users\jredr\AppData\Local\Temp\202033-19128-1til5bn.cwt7\appium-uiautomator2-server-debug-androidTest.apk' is already zip-aligned. Doing nothing
[debug] [35m[ADB][39m Signing 'C:\Users\jredr\AppData\Local\Temp\202033-19128-1til5bn.cwt7\appium-uiautomator2-server-debug-androidTest.apk' with default cert
[debug] [35m[ADB][39m Starting 'C:\Users\jredr\AppData\Local\Android\Sdk\build-tools\25.0.3\apksigner.bat' with args '["sign","--key","C:\\Program Files\\Appium\\resources\\app\\node_modules\\appium\\node_modules\\appium-adb\\keys\\testkey.pk8","--cert","C:\\Program Files\\Appium\\resources\\app\\node_modules\\appium\\node_modules\\appium-adb\\keys\\testkey.x509.pem","C:\\Users\\jredr\\AppData\\Local\\Temp\\202033-19128-1til5bn.cwt7\\appium-uiautomator2-server-debug-androidTest.apk"]'[info] [35m[UiAutomator2][39m Server packages are going to be (re)installed
[debug] [35m[ADB][39m Running 'C:\Users\jredr\AppData\Local\Android\Sdk\platform-tools\adb.exe -P 5037 -s ce011711384398bb0c shell 'ls -t -1 /data/local/tmp/appium_cache 2>&1 || echo _ERROR_''[debug] [35m[ADB][39m The count of applications in the cache: 6
[info] [35m[ADB][39m The application at 'C:\Users\jredr\AppData\Local\Temp\202033-19128-1til5bn.cwt7\appium-uiautomator2-server-v4.3.0.apk' is already cached to '/data/local/tmp/appium_cache/0cc1725a60a05dbb5d0d09256f2fc6ece7e3b10f.apk'
[debug] [35m[ADB][39m Running 'C:\Users\jredr\AppData\Local\Android\Sdk\platform-tools\adb.exe -P 5037 -s ce011711384398bb0c shell pm install -r /data/local/tmp/appium_cache/0cc1725a60a05dbb5d0d09256f2fc6ece7e3b10f.apk'[info] [35m[ADB][39m The installation of 'appium-uiautomator2-server-v4.3.0.apk' took 3.613s
[debug] [35m[ADB][39m Install command stdout: Success
[debug] [35m[ADB][39m Running 'C:\Users\jredr\AppData\Local\Android\Sdk\platform-tools\adb.exe -P 5037 -s ce011711384398bb0c shell 'ls -t -1 /data/local/tmp/appium_cache 2>&1 || echo _ERROR_''[debug] [35m[ADB][39m The count of applications in the cache: 6
[info] [35m[ADB][39m The application at 'C:\Users\jredr\AppData\Local\Temp\202033-19128-1til5bn.cwt7\appium-uiautomator2-server-debug-androidTest.apk' is already cached to '/data/local/tmp/appium_cache/0beede6c27af5c71c23a0d9d1c82a7a0b18390e0.apk'
[debug] [35m[ADB][39m Running 'C:\Users\jredr\AppData\Local\Android\Sdk\platform-tools\adb.exe -P 5037 -s ce011711384398bb0c shell pm install -r /data/local/tmp/appium_cache/0beede6c27af5c71c23a0d9d1c82a7a0b18390e0.apk'[info] [35m[ADB][39m The installation of 'appium-uiautomator2-server-debug-androidTest.apk' took 3.289s
[debug] [35m[ADB][39m Install command stdout: Success
[debug] [35m[UiAutomator2][39m Waiting up to 30000ms for services to be available
[debug] [35m[ADB][39m Running 'C:\Users\jredr\AppData\Local\Android\Sdk\platform-tools\adb.exe -P 5037 -s ce011711384398bb0c shell pm list instrumentation'[debug] [35m[UiAutomator2][39m Instrumentation target 'io.appium.uiautomator2.server.test/androidx.test.runner.AndroidJUnitRunner' is available
[debug] [35m[UiAutomator2][39m Forwarding UiAutomator2 Server port 6790 to 8200
[debug] [35m[ADB][39m Forwarding system: 8200 to device: 6790
[debug] [35m[ADB][39m Running 'C:\Users\jredr\AppData\Local\Android\Sdk\platform-tools\adb.exe -P 5037 -s ce011711384398bb0c forward tcp\:8200 tcp\:6790'
[debug] [35m[UiAutomator2][39m No app capability. Assuming it is already on the device
[debug] [35m[ADB][39m Getting install status for com.google.android.apps.maps
[debug] [35m[ADB][39m Running 'C:\Users\jredr\AppData\Local\Android\Sdk\platform-tools\adb.exe -P 5037 -s ce011711384398bb0c shell dumpsys package com.google.android.apps.maps'[debug] [35m[ADB][39m 'com.google.android.apps.maps' is installed
[debug] [35m[ADB][39m Running 'C:\Users\jredr\AppData\Local\Android\Sdk\platform-tools\adb.exe -P 5037 -s ce011711384398bb0c shell am force-stop com.google.android.apps.maps'[debug] [35m[ADB][39m Running 'C:\Users\jredr\AppData\Local\Android\Sdk\platform-tools\adb.exe -P 5037 -s ce011711384398bb0c shell pm clear com.google.android.apps.maps'[debug] [35m[AndroidDriver][39m Performed fast reset on the installed 'com.google.android.apps.maps' application (stop and clear)
[debug] [35m[UiAutomator2][39m Performing shallow cleanup of automation leftovers
[debug] [35m[UiAutomator2][39m No obsolete sessions have been detected (Error: read ECONNRESET)
[debug] [35m[ADB][39m Running 'C:\Users\jredr\AppData\Local\Android\Sdk\platform-tools\adb.exe -P 5037 -s ce011711384398bb0c shell am force-stop io.appium.uiautomator2.server.test'[info] [35m[UiAutomator2][39m Starting UIAutomator2 server 4.3.0
[info] [35m[UiAutomator2][39m Using UIAutomator2 server from 'C:\Program Files\Appium\resources\app\node_modules\appium\node_modules\appium-uiautomator2-server\apks\appium-uiautomator2-server-v4.3.0.apk' and test from 'C:\Program Files\Appium\resources\app\node_modules\appium\node_modules\appium-uiautomator2-server\apks\appium-uiautomator2-server-debug-androidTest.apk'
[info] [35m[UiAutomator2][39m Waiting up to 30000ms for UiAutomator2 to be online...
[debug] [35m[ADB][39m Creating ADB subprocess with args: ["-P",5037,"-s","ce011711384398bb0c","shell","am","instrument","-w","io.appium.uiautomator2.server.test/androidx.test.runner.AndroidJUnitRunner"][debug] [35m[Instrumentation][39m java.lang.SecurityException: Permission Denial: starting instrumentation ComponentInfo{io.appium.uiautomator2.server.test/androidx.test.runner.AndroidJUnitRunner} from pid=1064, uid=1064 not allowed because package io.appium.uiautomator2.server.test does not have a signature matching the target io.appium.uiautomator2.server
[debug] [35m[Instrumentation][39m 	at android.os.Parcel.readException(Parcel.java:1967)
[debug] [35m[Instrumentation][39m 	at android.os.Parcel.readException(Parcel.java:1913)
[debug] [35m[Instrumentation][39m 	at android.app.IActivityManager$Stub$Proxy.startInstrumentation(IActivityManager.java:5594)
[debug] [35m[Instrumentation][39m 	at com.android.commands.am.Instrument.run(Instrument.java:408)
[debug] [35m[Instrumentation][39m 	at com.android.commands.am.Am.runInstrument(Am.java:232)
[debug] [35m[Instrumentation][39m 	at com.android.commands.am.Am.onRun(Am.java:125)
[debug] [35m[Instrumentation][39m 	at com.android.internal.os.BaseCommand.run(BaseCommand.java:54)
[debug] [35m[Instrumentation][39m 	at com.android.commands.am.Am.main(Am.java:95)
[debug] [35m[Instrumentation][39m 	at com.android.internal.os.RuntimeInit.nativeFinishInit(Native Method)
[debug] [35m[Instrumentation][39m 	at com.android.internal.os.RuntimeInit.main(RuntimeInit.java:287)
[debug] [35m[Instrumentation][39m INSTRUMENTATION_STATUS: id=ActivityManagerService
[debug] [35m[Instrumentation][39m INSTRUMENTATION_STATUS: Error=Permission Denial: starting instrumentation ComponentInfo{io.appium.uiautomator2.server.test/androidx.test.runner.AndroidJUnitRunner} from pid=1064, uid=1064 not allowed because package io.appium.uiautomator2.server.test does not have a signature matching the target io.appium.uiautomator2.server
[debug] [35m[Instrumentation][39m INSTRUMENTATION_STATUS_CODE: -1
[debug] [35m[Instrumentation][39m The process has exited with code 1[warn] [35m[UiAutomator2][39m The instrumentation process has been unexpectedly terminated. Retrying UiAutomator2 startup (#1 of 1)
[debug] [35m[UiAutomator2][39m Performing strict cleanup of automation leftovers
[debug] [35m[UiAutomator2][39m No obsolete sessions have been detected (Error: read ECONNRESET)
[debug] [35m[ADB][39m Running 'C:\Users\jredr\AppData\Local\Android\Sdk\platform-tools\adb.exe -P 5037 -s ce011711384398bb0c shell am force-stop io.appium.uiautomator2.server.test'
[debug] [35m[ADB][39m Attempting to kill all uiautomator processes
[debug] [35m[ADB][39m Getting IDs of all 'uiautomator' processes
[debug] [35m[ADB][39m Running 'C:\Users\jredr\AppData\Local\Android\Sdk\platform-tools\adb.exe -P 5037 -s ce011711384398bb0c shell pgrep \^uiautomator\$'[info] [35m[ADB][39m No 'uiautomator' process has been found[info] [35m[UiAutomator2][39m Waiting up to 30000ms for UiAutomator2 to be online...
[debug] [35m[ADB][39m Creating ADB subprocess with args: ["-P",5037,"-s","ce011711384398bb0c","shell","am","instrument","-w","io.appium.uiautomator2.server.test/androidx.test.runner.AndroidJUnitRunner"][debug] [35m[Instrumentation][39m java.lang.SecurityException: Permission Denial: starting instrumentation ComponentInfo{io.appium.uiautomator2.server.test/androidx.test.runner.AndroidJUnitRunner} from pid=1486, uid=1486 not allowed because package io.appium.uiautomator2.server.test does not have a signature matching the target io.appium.uiautomator2.server
[debug] [35m[Instrumentation][39m INSTRUMENTATION_STATUS: id=ActivityManagerService
[debug] [35m[Instrumentation][39m INSTRUMENTATION_STATUS: Error=Permission Denial: starting instrumentation ComponentInfo{io.appium.uiautomator2.server.test/androidx.test.runner.AndroidJUnitRunner} from pid=1486, uid=1486 not allowed because package io.appium.uiautomator2.server.test does not have a signature matching the target io.appium.uiautomator2.server
[debug] [35m[Instrumentation][39m INSTRUMENTATION_STATUS_CODE: -1
[debug] [35m[Instrumentation][39m at android.os.Parcel.readException(Parcel.java:1967)
[debug] [35m[Instrumentation][39m 	at android.os.Parcel.readException(Parcel.java:1913)
[debug] [35m[Instrumentation][39m 	at android.app.IActivityManager$Stub$Proxy.startInstrumentation(IActivityManager.java:5594)
[debug] [35m[Instrumentation][39m 	at com.android.commands.am.Instrument.run(Instrument.java:408)
[debug] [35m[Instrumentation][39m 	at com.android.commands.am.Am.runInstrument(Am.java:232)
[debug] [35m[Instrumentation][39m 	at com.android.commands.am.Am.onRun(Am.java:125)
[debug] [35m[Instrumentation][39m 	at com.android.internal.os.BaseCommand.run(BaseCommand.java:54)
[debug] [35m[Instrumentation][39m 	at com.android.commands.am.Am.main(Am.java:95)
[debug] [35m[Instrumentation][39m 	at com.android.internal.os.RuntimeInit.nativeFinishInit(Native Method)
[debug] [35m[Instrumentation][39m 	at com.android.internal.os.RuntimeInit.main(RuntimeInit.java:287)
[debug] [35m[Instrumentation][39m The process has exited with code 1[error] [35m[UiAutomator2][39m Error: The instrumentation process cannot be initialized. Make sure the application under test does not crash and investigate the logcat output.
[error] [35m[UiAutomator2][39m     at Object.wrappedLogger.errorAndThrow (C:\Program Files\Appium\resources\app\node_modules\appium\node_modules\appium-support\lib\logging.js:79:13)
[error] [35m[UiAutomator2][39m     at UiAutomator2Server.errorAndThrow [as startSession] (C:\Program Files\Appium\resources\app\node_modules\appium\node_modules\appium-uiautomator2-driver\lib\uiautomator2.js:227:13)
[debug] [35m[UiAutomator2][39m Deleting UiAutomator2 session
[debug] [35m[UiAutomator2][39m Deleting UiAutomator2 server session
[debug] [35m[WD Proxy][39m Matched '/' to command name 'deleteSession'
[warn] [35m[UiAutomator2][39m Did not get confirmation UiAutomator2 deleteSession worked; Error was: UnknownError: An unknown server-side error occurred while processing the command. Original error: Trying to proxy a session command without session id
[debug] [35m[ADB][39m Running 'C:\Users\jredr\AppData\Local\Android\Sdk\platform-tools\adb.exe -P 5037 -s ce011711384398bb0c shell am force-stop com.google.android.apps.maps'[debug] [35m[Logcat][39m Stopping logcat capture
[debug] [35m[ADB][39m Removing forwarded port socket connection: 8200 
[debug] [35m[ADB][39m Running 'C:\Users\jredr\AppData\Local\Android\Sdk\platform-tools\adb.exe -P 5037 -s ce011711384398bb0c forward --remove tcp\:8200'
[debug] [35m[BaseDriver][39m Event 'newSessionStarted' logged at 1585905759351 (11:22:39 GMT+0200 (Střední Evropa (letní čas)))
[debug] [35m[MJSONWP][39m Encountered internal error running command: Error: The instrumentation process cannot be initialized. Make sure the application under test does not crash and investigate the logcat output.
[debug] [35m[MJSONWP][39m     at Object.wrappedLogger.errorAndThrow (C:\Program Files\Appium\resources\app\node_modules\appium\node_modules\appium-support\lib\logging.js:79:13)
[debug] [35m[MJSONWP][39m     at UiAutomator2Server.errorAndThrow [as startSession] (C:\Program Files\Appium\resources\app\node_modules\appium\node_modules\appium-uiautomator2-driver\lib\uiautomator2.js:227:13)
[info] [35m[HTTP][39m [37m<-- POST /wd/hub/session [39m[31m500[39m [90m26754 ms - 274[39m
[info] [35m[HTTP][39m [90m[39m
[info] [35m[HTTP][39m [37m-->[39m [37mDELETE[39m [37m/wd/hub/session[39m
[info] [35m[HTTP][39m [90m{}[39m
[debug] [35m[HTTP][39m No route found. Setting content type to 'text/plain'
[info] [35m[HTTP][39m [37m<-- DELETE /wd/hub/session [39m[33m404[39m [90m3 ms - 57[39m
[info] [35m[HTTP][39m [90m[39m
